<?xml version="1.0" encoding="UTF-8"?>
<!-- Generated by org.testng.reporters.JUnitReportReporter -->
<testsuite hostname="DESKTOP-I14U842" failures="0" tests="5" name="com.nopcommerce.user.Level_01_Register_DRY" time="8.864" errors="0" timestamp="16 Jul 2023 07:27:49 GMT" skipped="0">
  <testcase classname="com.nopcommerce.user.Level_01_Register_DRY" name="Register_03_Invalid_Password" time="1.244"/>
  <testcase classname="com.nopcommerce.user.Level_01_Register_DRY" name="Register_05_Success" time="1.716"/>
  <testcase classname="com.nopcommerce.user.Level_01_Register_DRY" name="Register_01_Empty_Data" time="2.775"/>
  <testcase classname="com.nopcommerce.user.Level_01_Register_DRY" name="Register_02_Invalid_Email" time="1.380"/>
  <testcase classname="com.nopcommerce.user.Level_01_Register_DRY" name="Register_04_Incorrect_Confirm_Password" time="1.749"/>
</testsuite> <!-- com.nopcommerce.user.Level_01_Register_DRY -->
