<?xml version="1.0" encoding="UTF-8"?>
<!-- Generated by org.testng.reporters.JUnitReportReporter -->
<testsuite hostname="DESKTOP-I14U842" failures="0" tests="20" name="com.nopcommerce.user.Level_02_Apply_BasePage_03_Inheritance" time="34.424" errors="0" timestamp="28 Jul 2023 08:27:02 GMT" skipped="0">
  <testcase classname="com.nopcommerce.user.Level_02_Apply_BasePage_03_Inheritance" name="Register_04_Incorrect_Confirm_Password" time="1.798"/>
  <testcase classname="com.nopcommerce.user.Level_02_Apply_BasePage_03_Inheritance" name="Register_05_Success" time="1.843"/>
  <testcase classname="com.nopcommerce.user.Level_02_Apply_BasePage_03_Inheritance" name="Register_03_Invalid_Password" time="1.304"/>
  <testcase classname="com.nopcommerce.user.Level_02_Apply_BasePage_03_Inheritance" name="Register_04_Incorrect_Confirm_Password" time="1.703"/>
  <testcase classname="com.nopcommerce.user.Level_02_Apply_BasePage_03_Inheritance" name="Register_01_Empty_Data" time="2.864"/>
  <testcase classname="com.nopcommerce.user.Level_02_Apply_BasePage_03_Inheritance" name="Register_05_Success" time="1.726"/>
  <testcase classname="com.nopcommerce.user.Level_02_Apply_BasePage_03_Inheritance" name="Register_05_Success" time="1.872"/>
  <testcase classname="com.nopcommerce.user.Level_02_Apply_BasePage_03_Inheritance" name="Register_04_Incorrect_Confirm_Password" time="1.809"/>
  <testcase classname="com.nopcommerce.user.Level_02_Apply_BasePage_03_Inheritance" name="Register_02_Invalid_Email" time="1.324"/>
  <testcase classname="com.nopcommerce.user.Level_02_Apply_BasePage_03_Inheritance" name="Register_01_Empty_Data" time="2.352"/>
  <testcase classname="com.nopcommerce.user.Level_02_Apply_BasePage_03_Inheritance" name="Register_03_Invalid_Password" time="1.321"/>
  <testcase classname="com.nopcommerce.user.Level_02_Apply_BasePage_03_Inheritance" name="Register_01_Empty_Data" time="1.843"/>
  <testcase classname="com.nopcommerce.user.Level_02_Apply_BasePage_03_Inheritance" name="Register_05_Success" time="1.806"/>
  <testcase classname="com.nopcommerce.user.Level_02_Apply_BasePage_03_Inheritance" name="Register_01_Empty_Data" time="2.295"/>
  <testcase classname="com.nopcommerce.user.Level_02_Apply_BasePage_03_Inheritance" name="Register_04_Incorrect_Confirm_Password" time="1.784"/>
  <testcase classname="com.nopcommerce.user.Level_02_Apply_BasePage_03_Inheritance" name="Register_02_Invalid_Email" time="1.440"/>
  <testcase classname="com.nopcommerce.user.Level_02_Apply_BasePage_03_Inheritance" name="Register_03_Invalid_Password" time="1.263"/>
  <testcase classname="com.nopcommerce.user.Level_02_Apply_BasePage_03_Inheritance" name="Register_02_Invalid_Email" time="1.360"/>
  <testcase classname="com.nopcommerce.user.Level_02_Apply_BasePage_03_Inheritance" name="Register_02_Invalid_Email" time="1.424"/>
  <testcase classname="com.nopcommerce.user.Level_02_Apply_BasePage_03_Inheritance" name="Register_03_Invalid_Password" time="1.293"/>
</testsuite> <!-- com.nopcommerce.user.Level_02_Apply_BasePage_03_Inheritance -->
