<?xml version="1.0" encoding="UTF-8"?>
<!-- Generated by org.testng.reporters.JUnitReportReporter -->
<testsuite hostname="DESKTOP-I14U842" failures="0" tests="3" name="com.nopcommerce.users.Level_01_Register" time="0.011" errors="0" timestamp="14 Jul 2023 08:31:56 GMT" skipped="0">
  <testcase classname="com.nopcommerce.users.Level_01_Register" name="Register_03_Invalid_Password" time="0.001"/>
  <testcase classname="com.nopcommerce.users.Level_01_Register" name="Register_01_Empty_Data" time="0.008"/>
  <testcase classname="com.nopcommerce.users.Level_01_Register" name="Register_02_Invalid_Email" time="0.002"/>
</testsuite> <!-- com.nopcommerce.users.Level_01_Register -->
