<?xml version="1.0" encoding="UTF-8"?>
<!-- Generated by org.testng.reporters.JUnitReportReporter -->
<testsuite hostname="DESKTOP-I14U842" failures="0" tests="20" name="com.nopcommerce.user.Level_02_Apply_BasePage_02_Static" time="36.486" errors="0" timestamp="28 Jul 2023 08:27:02 GMT" skipped="0">
  <testcase classname="com.nopcommerce.user.Level_02_Apply_BasePage_02_Static" name="Register_05_Success" time="1.753"/>
  <testcase classname="com.nopcommerce.user.Level_02_Apply_BasePage_02_Static" name="Register_05_Success" time="1.759"/>
  <testcase classname="com.nopcommerce.user.Level_02_Apply_BasePage_02_Static" name="Register_05_Success" time="1.795"/>
  <testcase classname="com.nopcommerce.user.Level_02_Apply_BasePage_02_Static" name="Register_03_Invalid_Password" time="1.298"/>
  <testcase classname="com.nopcommerce.user.Level_02_Apply_BasePage_02_Static" name="Register_04_Incorrect_Confirm_Password" time="1.738"/>
  <testcase classname="com.nopcommerce.user.Level_02_Apply_BasePage_02_Static" name="Register_05_Success" time="1.778"/>
  <testcase classname="com.nopcommerce.user.Level_02_Apply_BasePage_02_Static" name="Register_02_Invalid_Email" time="1.360"/>
  <testcase classname="com.nopcommerce.user.Level_02_Apply_BasePage_02_Static" name="Register_03_Invalid_Password" time="1.268"/>
  <testcase classname="com.nopcommerce.user.Level_02_Apply_BasePage_02_Static" name="Register_01_Empty_Data" time="2.803"/>
  <testcase classname="com.nopcommerce.user.Level_02_Apply_BasePage_02_Static" name="Register_02_Invalid_Email" time="1.321"/>
  <testcase classname="com.nopcommerce.user.Level_02_Apply_BasePage_02_Static" name="Register_02_Invalid_Email" time="1.403"/>
  <testcase classname="com.nopcommerce.user.Level_02_Apply_BasePage_02_Static" name="Register_04_Incorrect_Confirm_Password" time="1.778"/>
  <testcase classname="com.nopcommerce.user.Level_02_Apply_BasePage_02_Static" name="Register_01_Empty_Data" time="3.192"/>
  <testcase classname="com.nopcommerce.user.Level_02_Apply_BasePage_02_Static" name="Register_04_Incorrect_Confirm_Password" time="1.782"/>
  <testcase classname="com.nopcommerce.user.Level_02_Apply_BasePage_02_Static" name="Register_03_Invalid_Password" time="1.274"/>
  <testcase classname="com.nopcommerce.user.Level_02_Apply_BasePage_02_Static" name="Register_04_Incorrect_Confirm_Password" time="1.851"/>
  <testcase classname="com.nopcommerce.user.Level_02_Apply_BasePage_02_Static" name="Register_03_Invalid_Password" time="1.282"/>
  <testcase classname="com.nopcommerce.user.Level_02_Apply_BasePage_02_Static" name="Register_02_Invalid_Email" time="1.329"/>
  <testcase classname="com.nopcommerce.user.Level_02_Apply_BasePage_02_Static" name="Register_01_Empty_Data" time="2.922"/>
  <testcase classname="com.nopcommerce.user.Level_02_Apply_BasePage_02_Static" name="Register_01_Empty_Data" time="2.800"/>
</testsuite> <!-- com.nopcommerce.user.Level_02_Apply_BasePage_02_Static -->
