<?xml version="1.0" encoding="UTF-8"?>
<!-- Generated by org.testng.reporters.JUnitReportReporter -->
<testsuite hostname="DESKTOP-I14U842" failures="0" tests="20" name="com.nopcommerce.user.Level_02_Apply_BasePage_01_Initial" time="35.771" errors="0" timestamp="28 Jul 2023 08:27:02 GMT" skipped="0">
  <testcase classname="com.nopcommerce.user.Level_02_Apply_BasePage_01_Initial" name="Register_05_Success" time="1.859"/>
  <testcase classname="com.nopcommerce.user.Level_02_Apply_BasePage_01_Initial" name="Register_03_Invalid_Password" time="1.332"/>
  <testcase classname="com.nopcommerce.user.Level_02_Apply_BasePage_01_Initial" name="Register_03_Invalid_Password" time="1.303"/>
  <testcase classname="com.nopcommerce.user.Level_02_Apply_BasePage_01_Initial" name="Register_05_Success" time="1.745"/>
  <testcase classname="com.nopcommerce.user.Level_02_Apply_BasePage_01_Initial" name="Register_01_Empty_Data" time="2.404"/>
  <testcase classname="com.nopcommerce.user.Level_02_Apply_BasePage_01_Initial" name="Register_01_Empty_Data" time="3.025"/>
  <testcase classname="com.nopcommerce.user.Level_02_Apply_BasePage_01_Initial" name="Register_02_Invalid_Email" time="1.336"/>
  <testcase classname="com.nopcommerce.user.Level_02_Apply_BasePage_01_Initial" name="Register_02_Invalid_Email" time="1.351"/>
  <testcase classname="com.nopcommerce.user.Level_02_Apply_BasePage_01_Initial" name="Register_03_Invalid_Password" time="1.306"/>
  <testcase classname="com.nopcommerce.user.Level_02_Apply_BasePage_01_Initial" name="Register_04_Incorrect_Confirm_Password" time="1.779"/>
  <testcase classname="com.nopcommerce.user.Level_02_Apply_BasePage_01_Initial" name="Register_05_Success" time="1.725"/>
  <testcase classname="com.nopcommerce.user.Level_02_Apply_BasePage_01_Initial" name="Register_01_Empty_Data" time="2.923"/>
  <testcase classname="com.nopcommerce.user.Level_02_Apply_BasePage_01_Initial" name="Register_04_Incorrect_Confirm_Password" time="1.697"/>
  <testcase classname="com.nopcommerce.user.Level_02_Apply_BasePage_01_Initial" name="Register_04_Incorrect_Confirm_Password" time="1.827"/>
  <testcase classname="com.nopcommerce.user.Level_02_Apply_BasePage_01_Initial" name="Register_03_Invalid_Password" time="1.257"/>
  <testcase classname="com.nopcommerce.user.Level_02_Apply_BasePage_01_Initial" name="Register_05_Success" time="1.844"/>
  <testcase classname="com.nopcommerce.user.Level_02_Apply_BasePage_01_Initial" name="Register_02_Invalid_Email" time="1.389"/>
  <testcase classname="com.nopcommerce.user.Level_02_Apply_BasePage_01_Initial" name="Register_01_Empty_Data" time="2.389"/>
  <testcase classname="com.nopcommerce.user.Level_02_Apply_BasePage_01_Initial" name="Register_02_Invalid_Email" time="1.353"/>
  <testcase classname="com.nopcommerce.user.Level_02_Apply_BasePage_01_Initial" name="Register_04_Incorrect_Confirm_Password" time="1.927"/>
</testsuite> <!-- com.nopcommerce.user.Level_02_Apply_BasePage_01_Initial -->
