<?xml version="1.0" encoding="UTF-8"?>
<!-- Generated by org.testng.reporters.JUnitReportReporter -->
<testsuite hostname="DESKTOP-I14U842" failures="0" tests="5" name="com.nopcommerce.user.Level_02_Apply_BasePage_Initial" time="9.724" errors="0" timestamp="24 Jul 2023 03:17:19 GMT" skipped="0">
  <testcase classname="com.nopcommerce.user.Level_02_Apply_BasePage_Initial" name="Register_04_Incorrect_Confirm_Password" time="1.824"/>
  <testcase classname="com.nopcommerce.user.Level_02_Apply_BasePage_Initial" name="Register_03_Invalid_Password" time="1.351"/>
  <testcase classname="com.nopcommerce.user.Level_02_Apply_BasePage_Initial" name="Register_05_Success" time="1.841"/>
  <testcase classname="com.nopcommerce.user.Level_02_Apply_BasePage_Initial" name="Register_01_Empty_Data" time="3.270"/>
  <testcase classname="com.nopcommerce.user.Level_02_Apply_BasePage_Initial" name="Register_02_Invalid_Email" time="1.438"/>
</testsuite> <!-- com.nopcommerce.user.Level_02_Apply_BasePage_Initial -->
